  [1m[36mSQL (1.7ms)[0m  [1m SELECT name
 FROM sqlite_master
 WHERE type = 'table' AND NOT name = 'sqlite_sequence'
[0m
  [1m[35mSQL (0.1ms)[0m  select sqlite_version(*)
  [1m[36mSQL (0.1ms)[0m  [1m SELECT name
 FROM sqlite_master
 WHERE type = 'table' AND NOT name = 'sqlite_sequence'
[0m
  [1m[35mSQL (0.1ms)[0m   SELECT name
 FROM sqlite_master
 WHERE type = 'table' AND NOT name = 'sqlite_sequence'
  [1m[36mSQL (0.4ms)[0m  [1m SELECT name
 FROM sqlite_master
 WHERE type = 'table' AND NOT name = 'sqlite_sequence'
[0m
  [1m[35mSQL (0.1ms)[0m  select sqlite_version(*)
  [1m[36mSQL (3.1ms)[0m  [1mCREATE TABLE "schema_migrations" ("version" varchar(255) NOT NULL) [0m
  [1m[35mSQL (0.1ms)[0m  PRAGMA index_list("schema_migrations")
  [1m[36mSQL (1.8ms)[0m  [1mCREATE UNIQUE INDEX "unique_schema_migrations" ON "schema_migrations" ("version")[0m
  [1m[35mSQL (0.3ms)[0m   SELECT name
 FROM sqlite_master
 WHERE type = 'table' AND NOT name = 'sqlite_sequence'
  [1m[36mSQL (0.5ms)[0m  [1m SELECT name
 FROM sqlite_master
 WHERE type = 'table' AND NOT name = 'sqlite_sequence'
[0m
  [1m[35mSQL (0.1ms)[0m   SELECT name
 FROM sqlite_master
 WHERE type = 'table' AND NOT name = 'sqlite_sequence'
  [1m[36mSQL (0.1ms)[0m  [1mSELECT "schema_migrations"."version" FROM "schema_migrations"[0m
Migrating to CreateIngredients (20101021214250)
  [1m[35mSQL (0.0ms)[0m  select sqlite_version(*)
  [1m[36mSQL (0.4ms)[0m  [1mCREATE TABLE "ingredients" ("id" INTEGER PRIMARY KEY AUTOINCREMENT NOT NULL, "name" varchar(255), "variety" varchar(255), "user_id" integer, "created_at" datetime, "updated_at" datetime) [0m
  [1m[35mSQL (0.1ms)[0m  INSERT INTO "schema_migrations" ("version") VALUES ('20101021214250')
Migrating to CreateParts (20101021214413)
  [1m[36mSQL (0.3ms)[0m  [1mCREATE TABLE "parts" ("id" INTEGER PRIMARY KEY AUTOINCREMENT NOT NULL, "amount" integer, "ingredient_id" integer, "recipe_id" integer, "created_at" datetime, "updated_at" datetime) [0m
  [1m[35mSQL (0.1ms)[0m  INSERT INTO "schema_migrations" ("version") VALUES ('20101021214413')
Migrating to CreateRecipes (20101021214423)
  [1m[36mSQL (0.3ms)[0m  [1mCREATE TABLE "recipes" ("id" INTEGER PRIMARY KEY AUTOINCREMENT NOT NULL, "name" varchar(255), "user_id" integer, "description" text, "created_at" datetime, "updated_at" datetime) [0m
  [1m[35mSQL (0.1ms)[0m  INSERT INTO "schema_migrations" ("version") VALUES ('20101021214423')
Migrating to DeviseCreateUsers (20101022220101)
  [1m[36mSQL (0.6ms)[0m  [1mCREATE TABLE "users" ("id" INTEGER PRIMARY KEY AUTOINCREMENT NOT NULL, "email" varchar(255) DEFAULT '' NOT NULL, "encrypted_password" varchar(128) DEFAULT '' NOT NULL, "password_salt" varchar(255) DEFAULT '' NOT NULL, "reset_password_token" varchar(255), "remember_token" varchar(255), "remember_created_at" datetime, "sign_in_count" integer DEFAULT 0, "current_sign_in_at" datetime, "last_sign_in_at" datetime, "current_sign_in_ip" varchar(255), "last_sign_in_ip" varchar(255), "created_at" datetime, "updated_at" datetime) [0m
  [1m[35mSQL (0.1ms)[0m  PRAGMA index_list("users")
  [1m[36mSQL (0.5ms)[0m  [1mCREATE UNIQUE INDEX "index_users_on_email" ON "users" ("email")[0m
  [1m[35mSQL (0.1ms)[0m  PRAGMA index_list("users")
  [1m[36mSQL (0.0ms)[0m  [1mPRAGMA index_info('index_users_on_email')[0m
  [1m[35mSQL (0.1ms)[0m  CREATE UNIQUE INDEX "index_users_on_reset_password_token" ON "users" ("reset_password_token")
  [1m[36mSQL (0.1ms)[0m  [1mINSERT INTO "schema_migrations" ("version") VALUES ('20101022220101')[0m
  [1m[35mSQL (0.2ms)[0m   SELECT name
 FROM sqlite_master
 WHERE type = 'table' AND NOT name = 'sqlite_sequence'
  [1m[36mSQL (0.1ms)[0m  [1mSELECT "schema_migrations"."version" FROM "schema_migrations"[0m
  [1m[35mSQL (0.2ms)[0m   SELECT name
 FROM sqlite_master
 WHERE type = 'table' AND NOT name = 'sqlite_sequence'
  [1m[36mSQL (0.1ms)[0m  [1mPRAGMA index_list("ingredients")[0m
  [1m[35mSQL (0.0ms)[0m  PRAGMA index_list("parts")
  [1m[36mSQL (0.0ms)[0m  [1mPRAGMA index_list("recipes")[0m
  [1m[35mSQL (0.1ms)[0m  PRAGMA index_list("users")
  [1m[36mSQL (0.0ms)[0m  [1mPRAGMA index_info('index_users_on_reset_password_token')[0m
  [1m[35mSQL (0.0ms)[0m  PRAGMA index_info('index_users_on_email')


Started GET "/" for 127.0.0.1 at 2010-10-23 18:34:26 -0700
  Processing by IngredientsController#index as HTML
  [1m[36mSQL (0.7ms)[0m  [1m SELECT name
 FROM sqlite_master
 WHERE type = 'table' AND NOT name = 'sqlite_sequence'
[0m
  [1m[35mIngredient Load (0.1ms)[0m  SELECT "ingredients".* FROM "ingredients"
Rendered ingredients/index.html.erb within layouts/application (2.2ms)
Completed 200 OK in 118ms (Views: 7.6ms | ActiveRecord: 0.8ms)


Started GET "/ingredients/new" for 127.0.0.1 at 2010-10-23 18:34:33 -0700
  Processing by IngredientsController#new as HTML
Rendered ingredients/_form.html.erb (120.8ms)
Rendered ingredients/new.html.erb within layouts/application (123.7ms)
Completed 200 OK in 138ms (Views: 127.9ms | ActiveRecord: 0.0ms)


Started GET "/" for 127.0.0.1 at 2010-10-23 18:34:39 -0700
  Processing by IngredientsController#index as HTML
  [1m[36mIngredient Load (0.4ms)[0m  [1mSELECT "ingredients".* FROM "ingredients"[0m
Rendered ingredients/index.html.erb within layouts/application (2.1ms)
Completed 200 OK in 15ms (Views: 6.2ms | ActiveRecord: 0.4ms)


Started GET "/devise/login" for 127.0.0.1 at 2010-10-23 18:35:32 -0700

ActionController::RoutingError (No route matches "/devise/login"):
  

Rendered /Users/gsturges/.rvm/gems/ruby-1.9.2-p0@green/gems/actionpack-3.0.0/lib/action_dispatch/middleware/templates/rescues/routing_error.erb within rescues/layout (0.9ms)


Started GET "/devise/login_items" for 127.0.0.1 at 2010-10-23 18:35:42 -0700

ActionController::RoutingError (No route matches "/devise/login_items"):
  

Rendered /Users/gsturges/.rvm/gems/ruby-1.9.2-p0@green/gems/actionpack-3.0.0/lib/action_dispatch/middleware/templates/rescues/routing_error.erb within rescues/layout (0.7ms)


Started GET "/" for 127.0.0.1 at 2010-10-23 18:36:48 -0700
  Processing by IngredientsController#index as HTML
  [1m[35mIngredient Load (0.4ms)[0m  SELECT "ingredients".* FROM "ingredients"
Rendered devise/_login_items.html.haml (10.4ms)
Rendered devise/_registration_items.html.haml (1.8ms)
Rendered ingredients/index.html.erb within layouts/application (18.6ms)
Completed 200 OK in 31ms (Views: 22.5ms | ActiveRecord: 0.4ms)


Started GET "/users/sign_in" for 127.0.0.1 at 2010-10-23 18:36:52 -0700
  Processing by Devise::SessionsController#new as HTML
Rendered /Users/gsturges/.rvm/gems/ruby-1.9.2-p0@green/gems/devise-1.1.3/app/views/devise/shared/_links.erb (1.2ms)
Rendered devise/_login_items.html.haml (27.3ms)
Rendered devise/_registration_items.html.haml (1.6ms)
Rendered /Users/gsturges/.rvm/gems/ruby-1.9.2-p0@green/gems/devise-1.1.3/app/views/devise/sessions/new.html.erb within layouts/application (40.2ms)
Completed 200 OK in 65ms (Views: 45.5ms | ActiveRecord: 0.0ms)


Started GET "/users/sign_up" for 127.0.0.1 at 2010-10-23 18:36:54 -0700
  Processing by Devise::RegistrationsController#new as HTML
Rendered /Users/gsturges/.rvm/gems/ruby-1.9.2-p0@green/gems/devise-1.1.3/app/views/devise/shared/_links.erb (1.3ms)
Rendered devise/_login_items.html.haml (1.8ms)
Rendered devise/_registration_items.html.haml (1.5ms)
Rendered /Users/gsturges/.rvm/gems/ruby-1.9.2-p0@green/gems/devise-1.1.3/app/views/devise/registrations/new.html.erb within layouts/application (47.4ms)
Completed 200 OK in 65ms (Views: 52.6ms | ActiveRecord: 0.0ms)


Started GET "/" for 127.0.0.1 at 2010-10-25 18:08:39 -0700
  Processing by RecipesController#index as HTML
  [1m[36mSQL (19.7ms)[0m  [1m SELECT name
 FROM sqlite_master
 WHERE type = 'table' AND NOT name = 'sqlite_sequence'
[0m
  [1m[35mRecipe Load (0.1ms)[0m  SELECT "recipes".* FROM "recipes"
Rendered devise/_login_items.html.haml (2.1ms)
Rendered devise/_registration_items.html.haml (1.7ms)
Rendered recipes/index.html.erb within layouts/application (10.8ms)
Completed 200 OK in 160ms (Views: 17.3ms | ActiveRecord: 19.8ms)


Started GET "/devise/login_items" for 127.0.0.1 at 2010-10-25 18:10:06 -0700

ActionController::RoutingError (No route matches "/devise/login_items"):
  

Rendered /Users/gsturges/.rvm/gems/ruby-1.9.2-p0@green/gems/actionpack-3.0.0/lib/action_dispatch/middleware/templates/rescues/routing_error.erb within rescues/layout (0.9ms)


Started GET "/" for 127.0.0.1 at 2010-10-25 18:18:45 -0700
  Processing by RecipesController#index as HTML
Completed   in 7ms


Started GET "/users/sign_in" for 127.0.0.1 at 2010-10-25 18:18:45 -0700
  Processing by Devise::SessionsController#new as HTML
Rendered /Users/gsturges/.rvm/gems/ruby-1.9.2-p0@green/gems/devise-1.1.3/app/views/devise/shared/_links.erb (1.3ms)
Rendered devise/_login_items.html.haml (2.1ms)
Rendered devise/_registration_items.html.haml (1.7ms)
Rendered /Users/gsturges/.rvm/gems/ruby-1.9.2-p0@green/gems/devise-1.1.3/app/views/devise/sessions/new.html.erb within layouts/application (15.2ms)
Completed 200 OK in 40ms (Views: 20.2ms | ActiveRecord: 0.0ms)


Started POST "/users/sign_in" for 127.0.0.1 at 2010-10-25 18:19:12 -0700
  Processing by Devise::SessionsController#create as HTML
  Parameters: {"utf8"=>"✓", "authenticity_token"=>"pcGTUtR0qfoa/4HjSW7wvG25Y6VZ7tRPfVYMMZ/o9wU=", "user"=>{"email"=>"test@test.com", "password"=>"[FILTERED]", "remember_me"=>"1"}, "commit"=>"Sign in"}
  [1m[36mUser Load (0.2ms)[0m  [1mSELECT "users".* FROM "users" WHERE ("users"."email" = 'test@test.com') LIMIT 1[0m
Completed   in 304ms
  Processing by Devise::SessionsController#new as HTML
  Parameters: {"utf8"=>"✓", "authenticity_token"=>"pcGTUtR0qfoa/4HjSW7wvG25Y6VZ7tRPfVYMMZ/o9wU=", "user"=>{"email"=>"test@test.com", "password"=>"[FILTERED]", "remember_me"=>"1"}, "commit"=>"Sign in"}
Rendered /Users/gsturges/.rvm/gems/ruby-1.9.2-p0@green/gems/devise-1.1.3/app/views/devise/shared/_links.erb (1.1ms)
Rendered devise/_login_items.html.haml (1.7ms)
Rendered devise/_registration_items.html.haml (1.4ms)
Rendered /Users/gsturges/.rvm/gems/ruby-1.9.2-p0@green/gems/devise-1.1.3/app/views/devise/sessions/new.html.erb within layouts/application (13.0ms)
Completed 200 OK in 186ms (Views: 17.5ms | ActiveRecord: 0.2ms)


Started GET "/users/sign_up" for 127.0.0.1 at 2010-10-25 18:19:17 -0700
  Processing by Devise::RegistrationsController#new as HTML
Rendered /Users/gsturges/.rvm/gems/ruby-1.9.2-p0@green/gems/devise-1.1.3/app/views/devise/shared/_links.erb (1.2ms)
Rendered devise/_login_items.html.haml (1.8ms)
Rendered devise/_registration_items.html.haml (1.5ms)
Rendered /Users/gsturges/.rvm/gems/ruby-1.9.2-p0@green/gems/devise-1.1.3/app/views/devise/registrations/new.html.erb within layouts/application (20.5ms)
Completed 200 OK in 63ms (Views: 25.7ms | ActiveRecord: 0.0ms)


Started POST "/users" for 127.0.0.1 at 2010-10-25 18:19:27 -0700
  Processing by Devise::RegistrationsController#create as HTML
  Parameters: {"utf8"=>"✓", "authenticity_token"=>"pcGTUtR0qfoa/4HjSW7wvG25Y6VZ7tRPfVYMMZ/o9wU=", "user"=>{"email"=>"test@test.com", "password"=>"[FILTERED]", "password_confirmation"=>"[FILTERED]"}, "commit"=>"Sign up"}
  [1m[35mUser Load (0.1ms)[0m  SELECT "users"."id" FROM "users" WHERE (LOWER("users"."email") = LOWER('test@test.com')) LIMIT 1
Rendered /Users/gsturges/.rvm/gems/ruby-1.9.2-p0@green/gems/devise-1.1.3/app/views/devise/shared/_links.erb (1.3ms)
Rendered devise/_login_items.html.haml (2.1ms)
Rendered devise/_registration_items.html.haml (1.5ms)
Rendered /Users/gsturges/.rvm/gems/ruby-1.9.2-p0@green/gems/devise-1.1.3/app/views/devise/registrations/new.html.erb within layouts/application (41.8ms)
Completed 200 OK in 184ms (Views: 46.5ms | ActiveRecord: 0.1ms)


Started POST "/users" for 127.0.0.1 at 2010-10-25 18:19:38 -0700
  Processing by Devise::RegistrationsController#create as HTML
  Parameters: {"utf8"=>"✓", "authenticity_token"=>"pcGTUtR0qfoa/4HjSW7wvG25Y6VZ7tRPfVYMMZ/o9wU=", "user"=>{"email"=>"test@test.com", "password"=>"[FILTERED]", "password_confirmation"=>"[FILTERED]"}, "commit"=>"Sign up"}
  [1m[36mUser Load (0.1ms)[0m  [1mSELECT "users"."id" FROM "users" WHERE (LOWER("users"."email") = LOWER('test@test.com')) LIMIT 1[0m
  [1m[35mSQL (0.5ms)[0m  INSERT INTO "users" ("created_at", "current_sign_in_at", "current_sign_in_ip", "email", "encrypted_password", "last_sign_in_at", "last_sign_in_ip", "password_salt", "remember_created_at", "remember_token", "reset_password_token", "sign_in_count", "updated_at") VALUES ('2010-10-26 01:19:38.407915', NULL, NULL, 'test@test.com', '$2a$10$R8SWnbAqgzU1hjKfI.UKNOYxh9xNyZkgGKqyUk0yXXTprXYjaXu4K', NULL, NULL, '$2a$10$R8SWnbAqgzU1hjKfI.UKNO', NULL, NULL, NULL, 0, '2010-10-26 01:19:38.407915')
  [1m[36mSQL (0.5ms)[0m  [1mUPDATE "users" SET "current_sign_in_at" = '2010-10-26 01:19:38.441360', "current_sign_in_ip" = '127.0.0.1', "last_sign_in_at" = '2010-10-26 01:19:38.441360', "last_sign_in_ip" = '127.0.0.1', "sign_in_count" = 1, "updated_at" = '2010-10-26 01:19:38.441695' WHERE ("users"."id" = 1)[0m
Redirected to http://localhost:3000/
Completed 302 Found in 173ms


Started GET "/" for 127.0.0.1 at 2010-10-25 18:19:38 -0700
  Processing by RecipesController#index as HTML
  [1m[35mUser Load (0.7ms)[0m  SELECT "users".* FROM "users" WHERE ("users"."id" = 1) LIMIT 1
  [1m[36mRecipe Load (0.1ms)[0m  [1mSELECT "recipes".* FROM "recipes"[0m
Rendered devise/_login_items.html.haml (1.6ms)
Rendered devise/_registration_items.html.haml (1.5ms)
Rendered recipes/index.html.erb within layouts/application (8.4ms)
Completed 200 OK in 74ms (Views: 12.3ms | ActiveRecord: 2.0ms)


Started GET "/" for 127.0.0.1 at 2010-10-25 18:19:53 -0700
  Processing by RecipesController#index as HTML
  [1m[35mUser Load (0.4ms)[0m  SELECT "users".* FROM "users" WHERE ("users"."id" = 1) LIMIT 1
  [1m[36mRecipe Load (0.1ms)[0m  [1mSELECT "recipes".* FROM "recipes"[0m
Rendered devise/_login_items.html.haml (1.7ms)
Rendered devise/_registration_items.html.haml (1.5ms)
Rendered recipes/index.html.erb within layouts/application (36.2ms)
Completed 200 OK in 74ms (Views: 40.2ms | ActiveRecord: 0.6ms)


Started GET "/" for 127.0.0.1 at 2010-10-25 18:21:16 -0700
  Processing by RecipesController#index as HTML
  [1m[35mRecipe Load (0.4ms)[0m  SELECT "recipes".* FROM "recipes"
  [1m[36mUser Load (0.8ms)[0m  [1mSELECT "users".* FROM "users" WHERE ("users"."id" = 1) LIMIT 1[0m
Rendered devise/_login_items.html.haml (58.1ms)
Rendered devise/_registration_items.html.haml (1.7ms)
Rendered recipes/index.html.erb within layouts/application (65.3ms)
Completed 200 OK in 78ms (Views: 68.4ms | ActiveRecord: 1.2ms)


Started GET "/users/sign_out" for 127.0.0.1 at 2010-10-25 18:21:18 -0700
  Processing by Devise::SessionsController#destroy as HTML
  [1m[35mUser Load (0.5ms)[0m  SELECT "users".* FROM "users" WHERE ("users"."id" = 1) LIMIT 1
Redirected to http://localhost:3000/
Completed 302 Found in 54ms


Started GET "/" for 127.0.0.1 at 2010-10-25 18:21:18 -0700
  Processing by RecipesController#index as HTML
  [1m[36mRecipe Load (0.4ms)[0m  [1mSELECT "recipes".* FROM "recipes"[0m
Rendered devise/_login_items.html.haml (9.8ms)
Rendered devise/_registration_items.html.haml (1.9ms)
Rendered recipes/index.html.erb within layouts/application (43.6ms)
Completed 200 OK in 56ms (Views: 47.4ms | ActiveRecord: 0.9ms)


Started GET "/" for 127.0.0.1 at 2010-10-25 18:21:20 -0700
  Processing by RecipesController#index as HTML
  [1m[35mRecipe Load (0.4ms)[0m  SELECT "recipes".* FROM "recipes"
Rendered devise/_login_items.html.haml (36.1ms)
Rendered devise/_registration_items.html.haml (1.8ms)
Rendered recipes/index.html.erb within layouts/application (43.4ms)
Completed 200 OK in 56ms (Views: 47.3ms | ActiveRecord: 0.4ms)


Started GET "/new" for 127.0.0.1 at 2010-10-25 18:21:26 -0700

ActionController::RoutingError (No route matches "/new"):
  

Rendered /Users/gsturges/.rvm/gems/ruby-1.9.2-p0@green/gems/actionpack-3.0.0/lib/action_dispatch/middleware/templates/rescues/routing_error.erb within rescues/layout (0.8ms)


Started GET "/recipes/new" for 127.0.0.1 at 2010-10-25 18:23:12 -0700
  Processing by RecipesController#new as HTML
Completed   in 7ms


Started GET "/users/sign_in" for 127.0.0.1 at 2010-10-25 18:23:12 -0700
  Processing by Devise::SessionsController#new as HTML
Rendered /Users/gsturges/.rvm/gems/ruby-1.9.2-p0@green/gems/devise-1.1.3/app/views/devise/shared/_links.erb (1.1ms)
Rendered devise/_login_items.html.haml (1.9ms)
Rendered devise/_registration_items.html.haml (1.6ms)
Rendered /Users/gsturges/.rvm/gems/ruby-1.9.2-p0@green/gems/devise-1.1.3/app/views/devise/sessions/new.html.erb within layouts/application (14.1ms)
Completed 200 OK in 38ms (Views: 19.0ms | ActiveRecord: 0.0ms)


Started POST "/users/sign_in" for 127.0.0.1 at 2010-10-25 18:23:21 -0700
  Processing by Devise::SessionsController#create as HTML
  Parameters: {"utf8"=>"✓", "authenticity_token"=>"pcGTUtR0qfoa/4HjSW7wvG25Y6VZ7tRPfVYMMZ/o9wU=", "user"=>{"email"=>"test@test.com", "password"=>"[FILTERED]", "remember_me"=>"0"}, "commit"=>"Sign in"}
  [1m[36mUser Load (0.5ms)[0m  [1mSELECT "users".* FROM "users" WHERE ("users"."email" = 'test@test.com') LIMIT 1[0m
  [1m[35mSQL (0.8ms)[0m  UPDATE "users" SET "current_sign_in_at" = '2010-10-26 01:23:21.276443', "sign_in_count" = 2, "updated_at" = '2010-10-26 01:23:21.276891' WHERE ("users"."id" = 1)
Redirected to http://localhost:3000/recipes/new
Completed 302 Found in 135ms


Started GET "/recipes/new" for 127.0.0.1 at 2010-10-25 18:23:21 -0700
  Processing by RecipesController#new as HTML
  [1m[36mUser Load (0.5ms)[0m  [1mSELECT "users".* FROM "users" WHERE ("users"."id" = 1) LIMIT 1[0m
Rendered recipes/_form.html.erb (93.1ms)
Rendered devise/_login_items.html.haml (1.7ms)
Rendered devise/_registration_items.html.haml (1.5ms)
Rendered recipes/new.html.erb within layouts/application (102.7ms)
Completed 200 OK in 172ms (Views: 109.5ms | ActiveRecord: 1.7ms)


Started GET "/recipes" for 127.0.0.1 at 2010-10-25 18:23:57 -0700
  Processing by RecipesController#index as HTML
  [1m[35mRecipe Load (0.4ms)[0m  SELECT "recipes".* FROM "recipes"
  [1m[36mUser Load (0.6ms)[0m  [1mSELECT "users".* FROM "users" WHERE ("users"."id" = 1) LIMIT 1[0m
Rendered devise/_login_items.html.haml (59.1ms)
Rendered devise/_registration_items.html.haml (1.7ms)
Rendered recipes/index.html.erb within layouts/application (66.3ms)
Completed 200 OK in 79ms (Views: 69.5ms | ActiveRecord: 1.0ms)
  [1m[36mSQL (0.7ms)[0m  [1m SELECT name
 FROM sqlite_master
 WHERE type = 'table' AND NOT name = 'sqlite_sequence'
[0m
  [1m[35mSQL (0.3ms)[0m   SELECT name
 FROM sqlite_master
 WHERE type = 'table' AND NOT name = 'sqlite_sequence'
  [1m[36mSQL (0.1ms)[0m  [1mSELECT "schema_migrations"."version" FROM "schema_migrations"[0m
Migrating to CreateIngredients (20101021214250)
Migrating to CreateParts (20101021214413)
Migrating to CreateRecipes (20101021214423)
Migrating to DeviseCreateUsers (20101022220101)
Migrating to DeviseCreateAdmins (20101026014105)
  [1m[35mSQL (0.1ms)[0m  select sqlite_version(*)
  [1m[36mSQL (0.8ms)[0m  [1mCREATE TABLE "admins" ("id" INTEGER PRIMARY KEY AUTOINCREMENT NOT NULL, "email" varchar(255) DEFAULT '' NOT NULL, "encrypted_password" varchar(128) DEFAULT '' NOT NULL, "password_salt" varchar(255) DEFAULT '' NOT NULL, "reset_password_token" varchar(255), "remember_token" varchar(255), "remember_created_at" datetime, "sign_in_count" integer DEFAULT 0, "current_sign_in_at" datetime, "last_sign_in_at" datetime, "current_sign_in_ip" varchar(255), "last_sign_in_ip" varchar(255), "created_at" datetime, "updated_at" datetime) [0m
  [1m[35mSQL (0.0ms)[0m  PRAGMA index_list("admins")
  [1m[36mSQL (0.3ms)[0m  [1mCREATE UNIQUE INDEX "index_admins_on_email" ON "admins" ("email")[0m
  [1m[35mSQL (0.1ms)[0m  PRAGMA index_list("admins")
  [1m[36mSQL (0.0ms)[0m  [1mPRAGMA index_info('index_admins_on_email')[0m
  [1m[35mSQL (0.1ms)[0m  CREATE UNIQUE INDEX "index_admins_on_reset_password_token" ON "admins" ("reset_password_token")
  [1m[36mSQL (0.1ms)[0m  [1mINSERT INTO "schema_migrations" ("version") VALUES ('20101026014105')[0m
  [1m[35mSQL (0.2ms)[0m   SELECT name
 FROM sqlite_master
 WHERE type = 'table' AND NOT name = 'sqlite_sequence'
  [1m[36mSQL (0.1ms)[0m  [1mSELECT "schema_migrations"."version" FROM "schema_migrations"[0m
  [1m[35mSQL (0.1ms)[0m   SELECT name
 FROM sqlite_master
 WHERE type = 'table' AND NOT name = 'sqlite_sequence'
  [1m[36mSQL (0.1ms)[0m  [1mPRAGMA index_list("admins")[0m
  [1m[35mSQL (0.0ms)[0m  PRAGMA index_info('index_admins_on_reset_password_token')
  [1m[36mSQL (0.0ms)[0m  [1mPRAGMA index_info('index_admins_on_email')[0m
  [1m[35mSQL (0.0ms)[0m  PRAGMA index_list("ingredients")
  [1m[36mSQL (0.0ms)[0m  [1mPRAGMA index_list("parts")[0m
  [1m[35mSQL (0.0ms)[0m  PRAGMA index_list("recipes")
  [1m[36mSQL (0.1ms)[0m  [1mPRAGMA index_list("users")[0m
  [1m[35mSQL (0.0ms)[0m  PRAGMA index_info('index_users_on_reset_password_token')
  [1m[36mSQL (0.0ms)[0m  [1mPRAGMA index_info('index_users_on_email')[0m
